Running: C:\Xilinx\14.7\ISE_DS\ISE\bin\nt64\unwrapped\fuse.exe -intstyle ise -incremental -lib unisims_ver -lib unimacro_ver -lib xilinxcorelib_ver -o C:/Users/Victor Espinoza/Desktop/CECS 440/Lab 4 - Single Cycle MIPS Processor With Sorting Code/Lab_4_Single_Cycle_MIPS_With_Sorting_Code/SingleCycle_tb_isim_beh.exe -prj C:/Users/Victor Espinoza/Desktop/CECS 440/Lab 4 - Single Cycle MIPS Processor With Sorting Code/Lab_4_Single_Cycle_MIPS_With_Sorting_Code/SingleCycle_tb_beh.prj work.SingleCycle_tb work.glbl 
ISim P.20131013 (signature 0x7708f090)
Number of CPUs detected in this system: 4
Turning on mult-threading, number of parallel sub-compilation jobs: 8 
Determining compilation order of HDL files
Analyzing Verilog file "C:/Users/Victor Espinoza/Desktop/CECS 440/Lab 4 - Single Cycle MIPS Processor With Sorting Code/Lab_4_Single_Cycle_MIPS_With_Sorting_Code/src/register_file.v" into library work
Analyzing Verilog file "C:/Users/Victor Espinoza/Desktop/CECS 440/Lab 4 - Single Cycle MIPS Processor With Sorting Code/Lab_4_Single_Cycle_MIPS_With_Sorting_Code/src/Controller.v" into library work
Analyzing Verilog file "C:/Users/Victor Espinoza/Desktop/CECS 440/Lab 4 - Single Cycle MIPS Processor With Sorting Code/Lab_4_Single_Cycle_MIPS_With_Sorting_Code/src/ALU.v" into library work
Analyzing Verilog file "C:/Users/Victor Espinoza/Desktop/CECS 440/Lab 4 - Single Cycle MIPS Processor With Sorting Code/Lab_4_Single_Cycle_MIPS_With_Sorting_Code/src/SingleCycle.v" into library work
Analyzing Verilog file "C:/Users/Victor Espinoza/Desktop/CECS 440/Lab 4 - Single Cycle MIPS Processor With Sorting Code/Lab_4_Single_Cycle_MIPS_With_Sorting_Code/src/SingleCycle_tb.v" into library work
Analyzing Verilog file "C:/Xilinx/14.7/ISE_DS/ISE//verilog/src/glbl.v" into library work
Starting static elaboration
Completed static elaboration
Compiling module Controller
Compiling module register_file
Compiling module ALU
Compiling module SingleCycle
Compiling module SingleCycle_tb
Compiling module glbl
Time Resolution for simulation is 1ps.
Waiting for 1 sub-compilation(s) to finish...
Compiled 6 Verilog Units
Built simulation executable C:/Users/Victor Espinoza/Desktop/CECS 440/Lab 4 - Single Cycle MIPS Processor With Sorting Code/Lab_4_Single_Cycle_MIPS_With_Sorting_Code/SingleCycle_tb_isim_beh.exe
Fuse Memory Usage: 29996 KB
Fuse CPU Usage: 686 ms
